<?xml version="1.0" encoding="UTF-8"?>
<testng-results skipped="0" failed="1" ignored="0" total="2" passed="1">
  <reporter-output>
  </reporter-output>
  <suite name="example suite 1" duration-ms="39400" started-at="2019-12-15T11:30:04 IST" finished-at="2019-12-15T11:30:43 IST">
    <groups>
    </groups>
    <test name="Regression suite 1" duration-ms="39400" started-at="2019-12-15T11:30:04 IST" finished-at="2019-12-15T11:30:43 IST">
      <class name="com.mobileAutomationFramework.testcases.NavigationBarMenu">
        <test-method status="PASS" signature="initiate()[pri:0, instance:com.mobileAutomationFramework.testcases.NavigationBarMenu@641147d0]" name="initiate" is-config="true" duration-ms="12085" started-at="2019-12-15T11:29:51 IST" finished-at="2019-12-15T11:30:04 IST">
          <reporter-output>
          </reporter-output>
        </test-method> <!-- initiate -->
        <test-method status="PASS" signature="search_text()[pri:0, instance:com.mobileAutomationFramework.testcases.NavigationBarMenu@641147d0]" name="search_text" duration-ms="16011" started-at="2019-12-15T11:30:04 IST" finished-at="2019-12-15T11:30:20 IST">
          <reporter-output>
          </reporter-output>
        </test-method> <!-- search_text -->
        <test-method status="PASS" signature="stopServer()[pri:0, instance:com.mobileAutomationFramework.testcases.NavigationBarMenu@641147d0]" name="stopServer" is-config="true" duration-ms="1260" started-at="2019-12-15T11:30:20 IST" finished-at="2019-12-15T11:30:21 IST">
          <reporter-output>
          </reporter-output>
        </test-method> <!-- stopServer -->
        <test-method status="FAIL" signature="validateNavigationMenu()[pri:0, instance:com.mobileAutomationFramework.testcases.NavigationBarMenu@641147d0]" name="validateNavigationMenu" duration-ms="21208" started-at="2019-12-15T11:30:21 IST" finished-at="2019-12-15T11:30:42 IST">
          <exception class="org.openqa.selenium.NoSuchElementException">
            <message>
              <![CDATA[An element could not be located on the page using the given search parameters.
For documentation on this error, please visit: https://www.seleniumhq.org/exceptions/no_such_element.html
Build info: version: '3.141.59', revision: 'e82be7d358', time: '2018-11-14T08:17:03'
System info: host: 'HASNEET3674', ip: '192.168.1.6', os.name: 'Windows 10', os.arch: 'amd64', os.version: '10.0', java.version: '1.8.0_221'
Driver info: io.appium.java_client.android.AndroidDriver
Capabilities {app: C:\Users\hasneetnehra\eclip..., appActivity: com.flipkart.android.Splash..., appPackage: com.flipkart.android, autoAcceptAlerts: true, autoGrantPermissions: true, automationName: uiAutomator2, databaseEnabled: false, desired: {app: C:\Users\hasneetnehra\eclip..., appActivity: com.flipkart.android.Splash..., appPackage: com.flipkart.android, autoAcceptAlerts: true, autoGrantPermissions: true, automationName: uiAutomator2, deviceName: emulator-5554, noReset: true, platformName: android, platformVersion: 9.0, udid: emulator-5554}, deviceApiLevel: 28, deviceManufacturer: Google, deviceModel: AOSP on IA Emulator, deviceName: emulator-5554, deviceScreenDensity: 420, deviceScreenSize: 1080x1920, deviceUDID: emulator-5554, javascriptEnabled: true, locationContextEnabled: false, networkConnectionEnabled: true, noReset: true, pixelRatio: 2.625, platform: LINUX, platformName: Android, platformVersion: 9, statBarHeight: 63, takesScreenshot: true, udid: emulator-5554, viewportRect: {height: 1731, left: 0, top: 63, width: 1080}, warnings: {}, webStorageEnabled: false}
Session ID: 6883b26c-f65a-4704-b5b9-0082718025d4
*** Element info: {Using=-android uiautomator, value=new UiScrollable(new UiSelector()).scrollIntoView(text("Mobiles"))}]]>
            </message>
            <full-stacktrace>
              <![CDATA[org.openqa.selenium.NoSuchElementException: An element could not be located on the page using the given search parameters.
For documentation on this error, please visit: https://www.seleniumhq.org/exceptions/no_such_element.html
Build info: version: '3.141.59', revision: 'e82be7d358', time: '2018-11-14T08:17:03'
System info: host: 'HASNEET3674', ip: '192.168.1.6', os.name: 'Windows 10', os.arch: 'amd64', os.version: '10.0', java.version: '1.8.0_221'
Driver info: io.appium.java_client.android.AndroidDriver
Capabilities {app: C:\Users\hasneetnehra\eclip..., appActivity: com.flipkart.android.Splash..., appPackage: com.flipkart.android, autoAcceptAlerts: true, autoGrantPermissions: true, automationName: uiAutomator2, databaseEnabled: false, desired: {app: C:\Users\hasneetnehra\eclip..., appActivity: com.flipkart.android.Splash..., appPackage: com.flipkart.android, autoAcceptAlerts: true, autoGrantPermissions: true, automationName: uiAutomator2, deviceName: emulator-5554, noReset: true, platformName: android, platformVersion: 9.0, udid: emulator-5554}, deviceApiLevel: 28, deviceManufacturer: Google, deviceModel: AOSP on IA Emulator, deviceName: emulator-5554, deviceScreenDensity: 420, deviceScreenSize: 1080x1920, deviceUDID: emulator-5554, javascriptEnabled: true, locationContextEnabled: false, networkConnectionEnabled: true, noReset: true, pixelRatio: 2.625, platform: LINUX, platformName: Android, platformVersion: 9, statBarHeight: 63, takesScreenshot: true, udid: emulator-5554, viewportRect: {height: 1731, left: 0, top: 63, width: 1080}, warnings: {}, webStorageEnabled: false}
Session ID: 6883b26c-f65a-4704-b5b9-0082718025d4
*** Element info: {Using=-android uiautomator, value=new UiScrollable(new UiSelector()).scrollIntoView(text("Mobiles"))}
at sun.reflect.NativeConstructorAccessorImpl.newInstance0(Native Method)
at sun.reflect.NativeConstructorAccessorImpl.newInstance(NativeConstructorAccessorImpl.java:62)
at sun.reflect.DelegatingConstructorAccessorImpl.newInstance(DelegatingConstructorAccessorImpl.java:45)
at java.lang.reflect.Constructor.newInstance(Constructor.java:423)
at org.openqa.selenium.remote.http.W3CHttpResponseCodec.createException(W3CHttpResponseCodec.java:187)
at org.openqa.selenium.remote.http.W3CHttpResponseCodec.decode(W3CHttpResponseCodec.java:122)
at org.openqa.selenium.remote.http.W3CHttpResponseCodec.decode(W3CHttpResponseCodec.java:49)
at org.openqa.selenium.remote.HttpCommandExecutor.execute(HttpCommandExecutor.java:158)
at io.appium.java_client.remote.AppiumCommandExecutor.execute(AppiumCommandExecutor.java:239)
at org.openqa.selenium.remote.RemoteWebDriver.execute(RemoteWebDriver.java:552)
at io.appium.java_client.DefaultGenericMobileDriver.execute(DefaultGenericMobileDriver.java:41)
at io.appium.java_client.AppiumDriver.execute(AppiumDriver.java:1)
at io.appium.java_client.android.AndroidDriver.execute(AndroidDriver.java:1)
at org.openqa.selenium.remote.RemoteWebDriver.findElement(RemoteWebDriver.java:323)
at io.appium.java_client.DefaultGenericMobileDriver.findElement(DefaultGenericMobileDriver.java:61)
at io.appium.java_client.AppiumDriver.findElement(AppiumDriver.java:1)
at io.appium.java_client.android.AndroidDriver.findElement(AndroidDriver.java:1)
at io.appium.java_client.FindsByAndroidUIAutomator.findElementByAndroidUIAutomator(FindsByAndroidUIAutomator.java:38)
at com.mobileAutomationFramework.pages.HomePage.scrollTo(HomePage.java:97)
at com.mobileAutomationFramework.testcases.NavigationBarMenu.validateNavigationMenu(NavigationBarMenu.java:64)
at sun.reflect.NativeMethodAccessorImpl.invoke0(Native Method)
at sun.reflect.NativeMethodAccessorImpl.invoke(NativeMethodAccessorImpl.java:62)
at sun.reflect.DelegatingMethodAccessorImpl.invoke(DelegatingMethodAccessorImpl.java:43)
at java.lang.reflect.Method.invoke(Method.java:498)
at org.testng.internal.MethodInvocationHelper.invokeMethod(MethodInvocationHelper.java:133)
at org.testng.internal.TestInvoker.invokeMethod(TestInvoker.java:584)
at org.testng.internal.TestInvoker.invokeTestMethod(TestInvoker.java:172)
at org.testng.internal.MethodRunner.runInSequence(MethodRunner.java:46)
at org.testng.internal.TestInvoker$MethodInvocationAgent.invoke(TestInvoker.java:804)
at org.testng.internal.TestInvoker.invokeTestMethods(TestInvoker.java:145)
at org.testng.internal.TestMethodWorker.invokeTestMethods(TestMethodWorker.java:146)
at org.testng.internal.TestMethodWorker.run(TestMethodWorker.java:128)
at java.util.ArrayList.forEach(ArrayList.java:1257)
at org.testng.TestRunner.privateRun(TestRunner.java:770)
at org.testng.TestRunner.run(TestRunner.java:591)
at org.testng.SuiteRunner.runTest(SuiteRunner.java:402)
at org.testng.SuiteRunner.runSequentially(SuiteRunner.java:396)
at org.testng.SuiteRunner.privateRun(SuiteRunner.java:355)
at org.testng.SuiteRunner.run(SuiteRunner.java:304)
at org.testng.SuiteRunnerWorker.runSuite(SuiteRunnerWorker.java:53)
at org.testng.SuiteRunnerWorker.run(SuiteRunnerWorker.java:96)
at org.testng.TestNG.runSuitesSequentially(TestNG.java:1180)
at org.testng.TestNG.runSuitesLocally(TestNG.java:1102)
at org.testng.TestNG.runSuites(TestNG.java:1032)
at org.testng.TestNG.run(TestNG.java:1000)
at org.testng.remote.AbstractRemoteTestNG.run(AbstractRemoteTestNG.java:115)
at org.testng.remote.RemoteTestNG.initAndRun(RemoteTestNG.java:251)
at org.testng.remote.RemoteTestNG.main(RemoteTestNG.java:77)
]]>
            </full-stacktrace>
          </exception> <!-- org.openqa.selenium.NoSuchElementException -->
          <reporter-output>
          </reporter-output>
        </test-method> <!-- validateNavigationMenu -->
        <test-method status="PASS" signature="stopServer()[pri:0, instance:com.mobileAutomationFramework.testcases.NavigationBarMenu@641147d0]" name="stopServer" is-config="true" duration-ms="886" started-at="2019-12-15T11:30:42 IST" finished-at="2019-12-15T11:30:43 IST">
          <reporter-output>
          </reporter-output>
        </test-method> <!-- stopServer -->
      </class> <!-- com.mobileAutomationFramework.testcases.NavigationBarMenu -->
    </test> <!-- Regression suite 1 -->
  </suite> <!-- example suite 1 -->
</testng-results>
